
*** Running vivado
    with args -log Booth.vds -m64 -product Vivado -mode batch -messageDb vivado.pb -notrace -source Booth.tcl



****** Vivado v2024.2 (64-bit)
  **** SW Build 5239630 on Fri Nov 08 22:35:27 MST 2024
  **** IP Build 5239520 on Sun Nov 10 16:12:51 MST 2024
  **** SharedData Build 5239561 on Fri Nov 08 14:39:27 MST 2024
  **** Start of session at: Wed Apr 23 11:34:31 2025
    ** Copyright 1986-2022 Xilinx, Inc. All Rights Reserved.
    ** Copyright 2022-2024 Advanced Micro Devices, Inc. All Rights Reserved.

source Booth.tcl -notrace
Command: read_checkpoint -auto_incremental -incremental E:/IC/Aritmethic/Booth/Teste/Booth/Booth.srcs/utils_1/imports/synth_1/Booth.dcp
INFO: [Vivado 12-5825] Read reference checkpoint from E:/IC/Aritmethic/Booth/Teste/Booth/Booth.srcs/utils_1/imports/synth_1/Booth.dcp for incremental synthesis
INFO: [Vivado 12-7989] Please ensure there are no constraint changes
Command: synth_design -top Booth -part xc7a50tcsg324-3
Starting synth_design
Attempting to get a license for feature 'Synthesis' and/or device 'xc7a50t'
INFO: [Common 17-349] Got license for feature 'Synthesis' and/or device 'xc7a50t'
INFO: [Designutils 20-5440] No compile time benefit to using incremental synthesis; A full resynthesis will be run
INFO: [Designutils 20-4379] Flow is switching to default flow due to incremental criteria not met. If you would like to alter this behaviour and have the flow terminate instead, please set the following parameter config_implementation {autoIncr.Synth.RejectBehavior Terminate}
INFO: [Synth 8-7079] Multithreading enabled for synth_design using a maximum of 2 processes.
INFO: [Synth 8-7078] Launching helper process for spawning children vivado processes
INFO: [Synth 8-7075] Helper process launched with PID 13456
---------------------------------------------------------------------------------
Starting Synthesize : Time (s): cpu = 00:00:14 ; elapsed = 00:00:15 . Memory (MB): peak = 851.418 ; gain = 472.758
---------------------------------------------------------------------------------
INFO: [Synth 8-6157] synthesizing module 'Booth' [E:/IC/Aritmethic/Booth/Teste/Booth.v:1]
INFO: [Synth 8-226] default block is never used [E:/IC/Aritmethic/Booth/Teste/Booth.v:33]
INFO: [Synth 8-226] default block is never used [E:/IC/Aritmethic/Booth/Teste/Booth.v:33]
INFO: [Synth 8-226] default block is never used [E:/IC/Aritmethic/Booth/Teste/Booth.v:33]
INFO: [Synth 8-226] default block is never used [E:/IC/Aritmethic/Booth/Teste/Booth.v:33]
INFO: [Synth 8-226] default block is never used [E:/IC/Aritmethic/Booth/Teste/Booth.v:33]
INFO: [Synth 8-226] default block is never used [E:/IC/Aritmethic/Booth/Teste/Booth.v:33]
INFO: [Synth 8-226] default block is never used [E:/IC/Aritmethic/Booth/Teste/Booth.v:33]
INFO: [Synth 8-226] default block is never used [E:/IC/Aritmethic/Booth/Teste/Booth.v:33]
INFO: [Synth 8-226] default block is never used [E:/IC/Aritmethic/Booth/Teste/Booth.v:33]
INFO: [Synth 8-226] default block is never used [E:/IC/Aritmethic/Booth/Teste/Booth.v:33]
INFO: [Synth 8-226] default block is never used [E:/IC/Aritmethic/Booth/Teste/Booth.v:33]
INFO: [Synth 8-226] default block is never used [E:/IC/Aritmethic/Booth/Teste/Booth.v:33]
INFO: [Synth 8-226] default block is never used [E:/IC/Aritmethic/Booth/Teste/Booth.v:33]
INFO: [Synth 8-226] default block is never used [E:/IC/Aritmethic/Booth/Teste/Booth.v:33]
INFO: [Synth 8-226] default block is never used [E:/IC/Aritmethic/Booth/Teste/Booth.v:33]
INFO: [Synth 8-226] default block is never used [E:/IC/Aritmethic/Booth/Teste/Booth.v:33]
INFO: [Synth 8-6157] synthesizing module 'CSA' [E:/IC/Aritmethic/Booth/Teste/CSA.v:1]
INFO: [Synth 8-6155] done synthesizing module 'CSA' (0#1) [E:/IC/Aritmethic/Booth/Teste/CSA.v:1]
INFO: [Synth 8-6157] synthesizing module 'CLA' [E:/IC/Aritmethic/Booth/Teste/CLA.v:1]
	Parameter WIDTH bound to: 64 - type: integer 
INFO: [Synth 8-6155] done synthesizing module 'CLA' (0#1) [E:/IC/Aritmethic/Booth/Teste/CLA.v:1]
WARNING: [Synth 8-7071] port 'Cin' of module 'CLA' is unconnected for instance 'KoggeStone' [E:/IC/Aritmethic/Booth/Teste/Booth.v:92]
WARNING: [Synth 8-7071] port 'Cout' of module 'CLA' is unconnected for instance 'KoggeStone' [E:/IC/Aritmethic/Booth/Teste/Booth.v:92]
WARNING: [Synth 8-7023] instance 'KoggeStone' of module 'CLA' has 5 connections declared, but only 3 given [E:/IC/Aritmethic/Booth/Teste/Booth.v:92]
INFO: [Synth 8-6155] done synthesizing module 'Booth' (0#1) [E:/IC/Aritmethic/Booth/Teste/Booth.v:1]
---------------------------------------------------------------------------------
Finished Synthesize : Time (s): cpu = 00:00:19 ; elapsed = 00:00:20 . Memory (MB): peak = 966.637 ; gain = 587.977
---------------------------------------------------------------------------------
---------------------------------------------------------------------------------
Finished Constraint Validation : Time (s): cpu = 00:00:20 ; elapsed = 00:00:21 . Memory (MB): peak = 966.637 ; gain = 587.977
---------------------------------------------------------------------------------
---------------------------------------------------------------------------------
Start Loading Part and Timing Information
---------------------------------------------------------------------------------
Loading part: xc7a50tcsg324-3
---------------------------------------------------------------------------------
Finished Loading Part and Timing Information : Time (s): cpu = 00:00:20 ; elapsed = 00:00:21 . Memory (MB): peak = 966.637 ; gain = 587.977
---------------------------------------------------------------------------------
INFO: [Device 21-403] Loading part xc7a50tcsg324-3
---------------------------------------------------------------------------------
Finished RTL Optimization Phase 2 : Time (s): cpu = 00:00:22 ; elapsed = 00:00:22 . Memory (MB): peak = 966.637 ; gain = 587.977
---------------------------------------------------------------------------------
No constraint files found.
---------------------------------------------------------------------------------
Start RTL Component Statistics 
---------------------------------------------------------------------------------
Detailed RTL Component Info : 
+---Adders : 
	   2 Input   33 Bit       Adders := 1     
+---XORs : 
	   3 Input     64 Bit         XORs := 1     
	   2 Input      1 Bit         XORs := 1856  
---------------------------------------------------------------------------------
Finished RTL Component Statistics 
---------------------------------------------------------------------------------
---------------------------------------------------------------------------------
Start Part Resource Summary
---------------------------------------------------------------------------------
Part Resources:
DSPs: 120 (col length:60)
BRAMs: 150 (col length: RAMB18 60 RAMB36 30)
---------------------------------------------------------------------------------
Finished Part Resource Summary
---------------------------------------------------------------------------------
No constraint files found.
---------------------------------------------------------------------------------
Start Cross Boundary and Area Optimization
---------------------------------------------------------------------------------
WARNING: [Synth 8-7080] Parallel synthesis criteria is not met
---------------------------------------------------------------------------------
Finished Cross Boundary and Area Optimization : Time (s): cpu = 00:00:42 ; elapsed = 00:00:46 . Memory (MB): peak = 1209.184 ; gain = 830.523
---------------------------------------------------------------------------------
No constraint files found.
---------------------------------------------------------------------------------
Start Timing Optimization
---------------------------------------------------------------------------------
---------------------------------------------------------------------------------
Finished Timing Optimization : Time (s): cpu = 00:00:43 ; elapsed = 00:00:47 . Memory (MB): peak = 1209.184 ; gain = 830.523
---------------------------------------------------------------------------------
---------------------------------------------------------------------------------
Start Technology Mapping
---------------------------------------------------------------------------------
---------------------------------------------------------------------------------
Finished Technology Mapping : Time (s): cpu = 00:00:46 ; elapsed = 00:00:50 . Memory (MB): peak = 1279.820 ; gain = 901.160
---------------------------------------------------------------------------------
---------------------------------------------------------------------------------
Start IO Insertion
---------------------------------------------------------------------------------
---------------------------------------------------------------------------------
Start Flattening Before IO Insertion
---------------------------------------------------------------------------------
---------------------------------------------------------------------------------
Finished Flattening Before IO Insertion
---------------------------------------------------------------------------------
---------------------------------------------------------------------------------
Start Final Netlist Cleanup
---------------------------------------------------------------------------------
---------------------------------------------------------------------------------
Finished Final Netlist Cleanup
---------------------------------------------------------------------------------
---------------------------------------------------------------------------------
Finished IO Insertion : Time (s): cpu = 00:00:58 ; elapsed = 00:01:02 . Memory (MB): peak = 1358.324 ; gain = 979.664
---------------------------------------------------------------------------------
---------------------------------------------------------------------------------
Start Renaming Generated Instances
---------------------------------------------------------------------------------
---------------------------------------------------------------------------------
Finished Renaming Generated Instances : Time (s): cpu = 00:00:58 ; elapsed = 00:01:02 . Memory (MB): peak = 1358.324 ; gain = 979.664
---------------------------------------------------------------------------------
---------------------------------------------------------------------------------
Start Rebuilding User Hierarchy
---------------------------------------------------------------------------------
---------------------------------------------------------------------------------
Finished Rebuilding User Hierarchy : Time (s): cpu = 00:00:58 ; elapsed = 00:01:02 . Memory (MB): peak = 1358.324 ; gain = 979.664
---------------------------------------------------------------------------------
---------------------------------------------------------------------------------
Start Renaming Generated Ports
---------------------------------------------------------------------------------
---------------------------------------------------------------------------------
Finished Renaming Generated Ports : Time (s): cpu = 00:00:58 ; elapsed = 00:01:02 . Memory (MB): peak = 1358.324 ; gain = 979.664
---------------------------------------------------------------------------------
---------------------------------------------------------------------------------
Start Handling Custom Attributes
---------------------------------------------------------------------------------
---------------------------------------------------------------------------------
Finished Handling Custom Attributes : Time (s): cpu = 00:00:59 ; elapsed = 00:01:03 . Memory (MB): peak = 1358.324 ; gain = 979.664
---------------------------------------------------------------------------------
---------------------------------------------------------------------------------
Start Renaming Generated Nets
---------------------------------------------------------------------------------
---------------------------------------------------------------------------------
Finished Renaming Generated Nets : Time (s): cpu = 00:00:59 ; elapsed = 00:01:03 . Memory (MB): peak = 1358.324 ; gain = 979.664
---------------------------------------------------------------------------------
---------------------------------------------------------------------------------
Start Writing Synthesis Report
---------------------------------------------------------------------------------

Report BlackBoxes: 
+-+--------------+----------+
| |BlackBox name |Instances |
+-+--------------+----------+
+-+--------------+----------+

Report Cell Usage: 
+------+-------+------+
|      |Cell   |Count |
+------+-------+------+
|1     |CARRY4 |     8|
|2     |LUT1   |    32|
|3     |LUT2   |    71|
|4     |LUT3   |   198|
|5     |LUT4   |   531|
|6     |LUT5   |   262|
|7     |LUT6   |   824|
|8     |IBUF   |    64|
|9     |OBUF   |    64|
+------+-------+------+

Report Instance Areas: 
+------+---------+-------+------+
|      |Instance |Module |Cells |
+------+---------+-------+------+
|1     |top      |       |  2054|
+------+---------+-------+------+
---------------------------------------------------------------------------------
Finished Writing Synthesis Report : Time (s): cpu = 00:00:59 ; elapsed = 00:01:03 . Memory (MB): peak = 1358.324 ; gain = 979.664
---------------------------------------------------------------------------------
Synthesis finished with 0 errors, 0 critical warnings and 4 warnings.
Synthesis Optimization Runtime : Time (s): cpu = 00:00:59 ; elapsed = 00:01:03 . Memory (MB): peak = 1358.324 ; gain = 979.664
Synthesis Optimization Complete : Time (s): cpu = 00:00:59 ; elapsed = 00:01:03 . Memory (MB): peak = 1358.324 ; gain = 979.664
INFO: [Project 1-571] Translating synthesized netlist
Netlist sorting complete. Time (s): cpu = 00:00:00 ; elapsed = 00:00:00.042 . Memory (MB): peak = 1371.465 ; gain = 0.000
INFO: [Netlist 29-17] Analyzing 8 Unisim elements for replacement
INFO: [Netlist 29-28] Unisim Transformation completed in 0 CPU seconds
WARNING: [Netlist 29-101] Netlist 'Booth' is not ideal for floorplanning, since the cellview 'Booth' contains a large number of primitives.  Please consider enabling hierarchy in synthesis if you want to do floorplanning.
INFO: [Project 1-570] Preparing netlist for logic optimization
INFO: [Opt 31-138] Pushed 0 inverter(s) to 0 load pin(s).
Netlist sorting complete. Time (s): cpu = 00:00:00 ; elapsed = 00:00:00.001 . Memory (MB): peak = 1481.848 ; gain = 0.000
INFO: [Project 1-111] Unisim Transformation Summary:
No Unisim elements were transformed.

Synth Design complete | Checksum: 49c8892
INFO: [Common 17-83] Releasing license: Synthesis
38 Infos, 5 Warnings, 0 Critical Warnings and 0 Errors encountered.
synth_design completed successfully
synth_design: Time (s): cpu = 00:01:04 ; elapsed = 00:01:11 . Memory (MB): peak = 1481.848 ; gain = 1109.406
Write ShapeDB Complete: Time (s): cpu = 00:00:00 ; elapsed = 00:00:00.014 . Memory (MB): peak = 1481.848 ; gain = 0.000
INFO: [Common 17-1381] The checkpoint 'E:/IC/Aritmethic/Booth/Teste/Booth/Booth.runs/synth_1/Booth.dcp' has been generated.
INFO: [Vivado 12-24828] Executing command : report_utilization -file Booth_utilization_synth.rpt -pb Booth_utilization_synth.pb
INFO: [Common 17-206] Exiting Vivado at Wed Apr 23 11:35:54 2025...
