#-----------------------------------------------------------
# Vivado v2024.2 (64-bit)
# SW Build 5239630 on Fri Nov 08 22:35:27 MST 2024
# IP Build 5239520 on Sun Nov 10 16:12:51 MST 2024
# SharedData Build 5239561 on Fri Nov 08 14:39:27 MST 2024
# Start of session at: Wed Apr 30 14:00:42 2025
# Process ID         : 21228
# Current directory  : E:/IC/Aritmethic/Booth/Teste/Booth
# Command line       : vivado.exe -gui_launcher_event rodinguilauncherevent6092 E:\IC\Aritmethic\Booth\Teste\Booth\Booth.xpr
# Log file           : E:/IC/Aritmethic/Booth/Teste/Booth/vivado.log
# Journal file       : E:/IC/Aritmethic/Booth/Teste/Booth\vivado.jou
# Running On         : DESKTOP-IQB8PGC
# Platform           : Windows Server 2016 or Windows 10
# Operating System   : 19045
# Processor Detail   : AMD Ryzen 5 5500U with Radeon Graphics         
# CPU Frequency      : 2096 MHz
# CPU Physical cores : 6
# CPU Logical cores  : 12
# Host memory        : 15915 MB
# Swap memory        : 8589 MB
# Total Virtual      : 24505 MB
# Available Virtual  : 8980 MB
#-----------------------------------------------------------
start_gui
open_project E:/IC/Aritmethic/Booth/Teste/Booth/Booth.xpr
INFO: [filemgmt 56-3] Default IP Output Path : Could not find the directory 'E:/IC/Aritmethic/Booth/Teste/Booth/Booth.gen/sources_1'.
Scanning sources...
Finished scanning sources
INFO: [IP_Flow 19-234] Refreshing IP repositories
INFO: [IP_Flow 19-1704] No user IP repositories specified
INFO: [IP_Flow 19-2313] Loaded Vivado IP repository 'E:/Vivado/Vivado/2024.2/data/ip'.
open_project: Time (s): cpu = 00:00:28 ; elapsed = 00:00:13 . Memory (MB): peak = 1211.340 ; gain = 148.320
update_compile_order -fileset sources_1
exit
INFO: [Common 17-206] Exiting Vivado at Wed Apr 30 14:12:01 2025...
